********************************************************************************
DUPLICATOR-LITE PACKAGE-LOG: 5th December 2019 10:21 am
NOTICE: Do NOT post to public sites or forums 
********************************************************************************
VERSION:	1.3.24
WORDPRESS:	5.3
PHP INFO:	7.3.8 | SAPI: apache2handler
SERVER:		Apache/2.4.39 (Win64) OpenSSL/1.1.1c PHP/7.3.8 
PHP TIME LIMIT: (0) no time limit imposed 
PHP MAX MEMORY: 4294967296 (128M default) 
MEMORY STACK: 40MB

********************************************************************************
DATABASE:
********************************************************************************
BUILD MODE:   PHP(query limit - 100)
MYSQLTIMEOUT: 5000
MYSQLDUMP:    Not Supported
TABLES: total:15 | filtered:0 | create:15
FILTERED: []
SQL CREATED: 20191205_haraldnyborg_9e7a20383ff4a7627653_20191205102116_database.sql
SQL FILE SIZE: 1016.52KB (1040916)
SQL FILE TIME: 2019-12-05 10:21:42
SQL RUNTIME: 3.37 sec.

********************************************************************************
ARCHIVE (ZIP):
********************************************************************************
ARCHIVE DIR:  C:/xampp/htdocs/harald_nyborg
ARCHIVE FILE: 20191205_haraldnyborg_9e7a20383ff4a7627653_20191205102116_archive.zip
FILTERS: *OFF*
DIRS:
	not set
FILES:
	not set
EXTS:  not set
----------------------------------------
COMPRESSING
SIZE:	74.41MB
STATS:	Dirs 537 | Files 3,986
SQL ADDED: 20191205_haraldnyborg_9e7a20383ff4a7627653_20191205102116_database.sql
ZipArchive Object
(
    [status] => 0
    [statusSys] => 0
    [numFiles] => 4523
    [filename] => C:\xampp\htdocs\harald_nyborg\wp-snapshots\tmp\20191205_haraldnyborg_9e7a20383ff4a7627653_20191205102116_archive.zip
    [comment] => 
)

FILE ADDED TO ZIP: 4522
COMPRESSION RESULT: '1'
COMPRESSED SIZE: 23.27MB
ARCHIVE RUNTIME: 13.95 sec.
MEMORY STACK: 42MB
building installer
add_extra_files1
add_extra_files2
add_extra_files3
add_extra_files4
Doing archive file check
add_extra_files5
add_extra_files6
add_extra_files8
Successfully opened zip C:/xampp/htdocs/harald_nyborg/wp-snapshots/tmp/20191205_haraldnyborg_9e7a20383ff4a7627653_20191205102116_archive.zip
Adding enhanced installer files to archive using ZipArchive
Installer files added to archive
Added to archive
After ziparchive close when adding installer

********************************************************************************
INTEGRITY CHECKS:
********************************************************************************
SQL FILE: 1016.52KB
INSTALLER FILE: 60.53KB
ARCHIVE FILE: 24.59MB 
EXPECTED FILE/DIRECTORY COUNT: 4,523
ACTUAL FILE/DIRECTORY COUNT: 4,522
ARCHIVE CONSISTENCY TEST: Pass

********************************************************************************
RECORD ID:[1]
TOTAL PROCESS RUNTIME: 19.38 sec.
PEAK PHP MEMORY USED: 44MB
DONE PROCESSING => 20191205_haraldnyborg 5th December 2019 10:21 am

